<?xml version="1.0" encoding="UTF-8"?>
<!-- Generated by org.testng.reporters.JUnitReportReporter -->
<testsuite hostname="PG014UCR" name="com.backbase.CreateNewComputerTestCases.Add_New_Computer_Functionality_TestCases" tests="2" failures="0" timestamp="20 Sep 2018 07:39:45 GMT" time="41.729" errors="0">
  <testcase name="TC_004_New_Computer_Addition_New_Computer_Name_Mandatory_Field_Verification" time="20.909" classname="com.backbase.CreateNewComputerTestCases.Add_New_Computer_Functionality_TestCases"/>
  <testcase name="TC_004_New_Computer_Addition_New_Computer_Name_Mandatory_Field_Verification" time="20.820" classname="com.backbase.CreateNewComputerTestCases.Add_New_Computer_Functionality_TestCases"/>
</testsuite> <!-- com.backbase.CreateNewComputerTestCases.Add_New_Computer_Functionality_TestCases -->
