<?xml version="1.0" encoding="UTF-8"?>
<!-- Generated by org.testng.reporters.JUnitReportReporter -->
<testsuite hostname="PG014UCR" name="com.backbase.CreateNewComputerTestCases.TC_01_Add_New_Com" tests="1" failures="0" timestamp="25 Oct 2018 16:50:30 GMT" time="15.312" errors="0">
  <testcase name="TC_01_Verify_New_Computer_Addition_With_Valid_Data" time="15.312" classname="com.backbase.CreateNewComputerTestCases.TC_01_Add_New_Com"/>
</testsuite> <!-- com.backbase.CreateNewComputerTestCases.TC_01_Add_New_Com -->
